<?xml version="1.0" encoding="UTF-8"?>
<!-- Generated by org.testng.reporters.JUnitXMLReporter -->
<testsuite ignored="0" hostname="USL-L-GYPFGH2" failures="0" tests="2" name="Test" time="0.089" errors="0" timestamp="22 Jul 2021 10:59:16 GMT">
  <testcase classname="mainclass.MainClassWebDriver" name="@BeforeClass intialSetup" time="0.058">
    <failure type="java.lang.IllegalStateException" message="The path to the driver executable must be set by the webdriver.chrome.driver system property; for more information, see https://github.com/SeleniumHQ/selenium/wiki/ChromeDriver. The latest version can be downloaded from http://chromedriver.storage.googleapis.com/index.html">
      <![CDATA[java.lang.IllegalStateException: The path to the driver executable must be set by the webdriver.chrome.driver system property; for more information, see https://github.com/SeleniumHQ/selenium/wiki/ChromeDriver. The latest version can be downloaded from http://chromedriver.storage.googleapis.com/index.html
at com.google.common.base.Preconditions.checkState(Preconditions.java:847)
at org.openqa.selenium.remote.service.DriverService.findExecutable(DriverService.java:134)
at org.openqa.selenium.chrome.ChromeDriverService.access$000(ChromeDriverService.java:35)
at org.openqa.selenium.chrome.ChromeDriverService$Builder.findDefaultExecutable(ChromeDriverService.java:159)
at org.openqa.selenium.remote.service.DriverService$Builder.build(DriverService.java:355)
at org.openqa.selenium.chrome.ChromeDriverService.createDefaultService(ChromeDriverService.java:94)
at org.openqa.selenium.chrome.ChromeDriver.<init>(ChromeDriver.java:123)
at mainclass.MainClassWebDriver.intialSetup(MainClassWebDriver.java:18)
... Removed 26 stack frames]]>
    </failure>
  </testcase> <!-- @BeforeClass intialSetup -->
  <testcase classname="mainclass.MainClassWebDriver" name="@AfterClass closeBrowser" time="0.0">
    <skipped/>
  </testcase> <!-- @AfterClass closeBrowser -->
  <testcase classname="mainclass.MainClassWebDriver" name="@BeforeClass intialSetup" time="0.0">
    <skipped/>
  </testcase> <!-- @BeforeClass intialSetup -->
  <testcase classname="mainclass.MainClassWebDriver" name="@AfterClass closeBrowser" time="0.0">
    <skipped/>
  </testcase> <!-- @AfterClass closeBrowser -->
  <testcase classname="testmethods.LoginModuleTest" name="loginDropdownValidTest" time="0.0">
    <skipped/>
  </testcase> <!-- loginDropdownValidTest -->
  <testcase classname="testmethods.HomePageModuleTest" name="verifyHomePageTitle" time="0.0">
    <skipped/>
  </testcase> <!-- verifyHomePageTitle -->
</testsuite> <!-- Test -->
